<?xml version="1.0" ?>
<!DOCTYPE coverage SYSTEM "http://cobertura.sourceforge.net/xml/coverage-04.dtd">
<coverage lines-valid="3" lines-covered="2" line-rate="0.6667000000000001" branches-valid="2" branches-covered="0" branch-rate="0" timestamp="1496960936495" complexity="0" version="0.1">
  <sources>
    <source>/Users/groseclj/codecov-test</source>
  </sources>
  <packages>
    <class name="index.js" filename="index.js" line-rate="0.6667000000000001" branch-rate="0">
      <methods>
        <method name="bar" hits="0" signature="()V">
          <lines>
            <line number="6" hits="0"/>
          </lines>
        </method>
        <method name="foo" hits="2" signature="()V">
          <lines>
            <line number="10" hits="2"/>
          </lines>
        </method>
      </methods>
      <lines>
        <line number="1" hits="1" branch="false"/>
        <line number="7" hits="0" branch="true" condition-coverage="0% (0/2)"/>
        <line number="11" hits="2" branch="false"/>
      </lines>
    </class>
  </packages>
</coverage>
